<?xml version="1.0" encoding="UTF-8"?>
<!-- Generated by org.testng.reporters.JUnitXMLReporter -->
<testsuite ignored="0" hostname="Yashs-MacBook-Pro.local" failures="0" tests="2" name="Validating 2 users using Data Provider" time="8.835" errors="0" timestamp="2020-12-29T11:56:44 IST">
  <testcase classname="Academy.HomePage" name="basePageNavigation" time="4.99"/>
  <testcase classname="Academy.HomePage" name="basePageNavigation" time="2.621"/>
</testsuite> <!-- Validating 2 users using Data Provider -->
