<?xml version="1.0" encoding="UTF-8"?>
<!-- Generated by org.testng.reporters.JUnitXMLReporter -->
<testsuite ignored="0" hostname="Yashs-MacBook-Pro.local" failures="0" tests="4" name="Test" time="18.505" errors="0" timestamp="2020-12-19T21:36:24 IST">
  <testcase classname="Academy.validateNavigationBar" name="basePageNavigation" time="0.08"/>
  <testcase classname="Academy.HomePage" name="basePageNavigation" time="4.801"/>
  <testcase classname="Academy.HomePage" name="basePageNavigation" time="1.315"/>
  <testcase classname="Academy.validateTitle" name="basePageNavigation" time="0.022"/>
</testsuite> <!-- Test -->
