<?xml version="1.0" encoding="UTF-8"?>
<!-- Generated by org.testng.reporters.JUnitXMLReporter -->
<testsuite ignored="0" hostname="Yashs-MacBook-Pro.local" failures="0" tests="2" name="Validating 2 users using Data Provider" time="7.477" errors="0" timestamp="2021-01-24T15:36:15 IST">
  <testcase classname="Academy.HomePage" name="basePageNavigation" time="3.541"/>
  <testcase classname="Academy.HomePage" name="basePageNavigation" time="2.301"/>
</testsuite> <!-- Validating 2 users using Data Provider -->
