<?xml version="1.0" encoding="UTF-8"?>
<testng-results ignored="0" total="4" passed="4" failed="0" skipped="0">
  <reporter-output>
  </reporter-output>
  <suite started-at="2021-01-24T15:36:00 IST" name="Suite" finished-at="2021-01-24T15:36:19 IST" duration-ms="18508">
    <groups>
    </groups>
    <test started-at="2021-01-24T15:36:00 IST" name="Validating NavigationBar" finished-at="2021-01-24T15:36:07 IST" duration-ms="7099">
      <class name="Academy.validateNavigationBar">
        <test-method is-config="true" signature="initialize()[pri:0, instance:Academy.validateNavigationBar@6ab778a]" started-at="2021-01-24T15:36:00 IST" name="initialize" finished-at="2021-01-24T15:36:07 IST" duration-ms="6932" status="PASS">
          <reporter-output>
          </reporter-output>
        </test-method> <!-- initialize -->
        <test-method signature="basePageNavigation()[pri:0, instance:Academy.validateNavigationBar@6ab778a]" started-at="2021-01-24T15:36:07 IST" name="basePageNavigation" finished-at="2021-01-24T15:36:07 IST" duration-ms="68" status="PASS">
          <reporter-output>
          </reporter-output>
        </test-method> <!-- basePageNavigation -->
        <test-method is-config="true" signature="tearDown()[pri:0, instance:Academy.validateNavigationBar@6ab778a]" started-at="2021-01-24T15:36:07 IST" name="tearDown" finished-at="2021-01-24T15:36:07 IST" duration-ms="65" status="PASS">
          <reporter-output>
          </reporter-output>
        </test-method> <!-- tearDown -->
      </class> <!-- Academy.validateNavigationBar -->
    </test> <!-- Validating NavigationBar -->
    <test started-at="2021-01-24T15:36:07 IST" name="Validating 2 users using Data Provider" finished-at="2021-01-24T15:36:15 IST" duration-ms="7477">
      <class name="Academy.HomePage">
        <test-method is-config="true" signature="initialize()[pri:0, instance:Academy.HomePage@65b3f4a4]" started-at="2021-01-24T15:36:07 IST" name="initialize" finished-at="2021-01-24T15:36:09 IST" duration-ms="1576" status="PASS">
          <reporter-output>
          </reporter-output>
        </test-method> <!-- initialize -->
        <test-method signature="basePageNavigation(java.lang.String, java.lang.String)[pri:0, instance:Academy.HomePage@65b3f4a4]" started-at="2021-01-24T15:36:09 IST" name="basePageNavigation" data-provider="getData" finished-at="2021-01-24T15:36:13 IST" duration-ms="3541" status="PASS">
          <params>
            <param index="0">
              <value>
                <![CDATA[yash@gmail.com]]>
              </value>
            </param>
            <param index="1">
              <value>
                <![CDATA[12345]]>
              </value>
            </param>
          </params>
          <reporter-output>
          </reporter-output>
        </test-method> <!-- basePageNavigation -->
        <test-method signature="basePageNavigation(java.lang.String, java.lang.String)[pri:0, instance:Academy.HomePage@65b3f4a4]" started-at="2021-01-24T15:36:13 IST" name="basePageNavigation" data-provider="getData" finished-at="2021-01-24T15:36:15 IST" duration-ms="2301" status="PASS">
          <params>
            <param index="0">
              <value>
                <![CDATA[prashant@gmail.com]]>
              </value>
            </param>
            <param index="1">
              <value>
                <![CDATA[123456789]]>
              </value>
            </param>
          </params>
          <reporter-output>
          </reporter-output>
        </test-method> <!-- basePageNavigation -->
        <test-method is-config="true" signature="tearDown()[pri:0, instance:Academy.HomePage@65b3f4a4]" started-at="2021-01-24T15:36:15 IST" name="tearDown" finished-at="2021-01-24T15:36:15 IST" duration-ms="56" status="PASS">
          <reporter-output>
          </reporter-output>
        </test-method> <!-- tearDown -->
      </class> <!-- Academy.HomePage -->
    </test> <!-- Validating 2 users using Data Provider -->
    <test started-at="2021-01-24T15:36:15 IST" name="Validating Title" finished-at="2021-01-24T15:36:19 IST" duration-ms="3857">
      <class name="Academy.validateTitle">
        <test-method is-config="true" signature="initialize()[pri:0, instance:Academy.validateTitle@1d8bd0de]" started-at="2021-01-24T15:36:15 IST" name="initialize" finished-at="2021-01-24T15:36:19 IST" duration-ms="3774" status="PASS">
          <reporter-output>
          </reporter-output>
        </test-method> <!-- initialize -->
        <test-method signature="basePageNavigation()[pri:0, instance:Academy.validateTitle@1d8bd0de]" started-at="2021-01-24T15:36:19 IST" name="basePageNavigation" finished-at="2021-01-24T15:36:19 IST" duration-ms="27" status="PASS">
          <reporter-output>
          </reporter-output>
        </test-method> <!-- basePageNavigation -->
        <test-method is-config="true" signature="tearDown()[pri:0, instance:Academy.validateTitle@1d8bd0de]" started-at="2021-01-24T15:36:19 IST" name="tearDown" finished-at="2021-01-24T15:36:19 IST" duration-ms="55" status="PASS">
          <reporter-output>
          </reporter-output>
        </test-method> <!-- tearDown -->
      </class> <!-- Academy.validateTitle -->
    </test> <!-- Validating Title -->
  </suite> <!-- Suite -->
</testng-results>
